This file contains any messages produced by compilers while
running configure, to aid debugging if configure makes a mistake.

It was created by configure, which was
generated by GNU Autoconf 2.59.  Invocation command line was

  $ /home/smalik/Downloads/arm/gdb/gdb-6.3.50.20051116/opcodes/configure --cache-file=./config.cache --build=x86_64 --host=x86_64 --target=arm-linux --enable-werror=no --program-transform-name=s,^,arm-linux-,;  --srcdir=.././opcodes

## --------- ##
## Platform. ##
## --------- ##

hostname = smalik-laptop
uname -m = x86_64
uname -r = 3.1.6-1.fc16.x86_64
uname -s = Linux
uname -v = #1 SMP Wed Dec 21 22:41:17 UTC 2011

/usr/bin/uname -p = unknown
/bin/uname -X     = unknown

/bin/arch              = x86_64
/usr/bin/arch -k       = unknown
/usr/convex/getsysinfo = unknown
hostinfo               = unknown
/bin/machine           = unknown
/usr/bin/oslevel       = unknown
/bin/universe          = unknown

PATH: /home/smalik/Downloads/firefox
PATH: /home/smalik/Downloads/jazz/scmtools/eclipse
PATH: /home/smalik/Downloads/firefox
PATH: /home/smalik/Downloads/jazz/scmtools/eclipse
PATH: /usr/local/bin
PATH: /bin
PATH: /usr/bin
PATH: /usr/local/sbin
PATH: /usr/sbin
PATH: /sbin
PATH: /opt/lodev3.5//program
PATH: /opt/ibm/c4eb/bin
PATH: /home/smalik/bin
PATH: /usr/kerberos/bin
PATH: /home/smalik/arm-gcc/opt/FriendlyARM/toolschain/4.4.3/bin


## ----------- ##
## Core tests. ##
## ----------- ##

configure:1243: creating cache ./config.cache
configure:1356: checking build system type
configure:1374: result: x86_64-pc-none
configure:1382: checking host system type
configure:1396: result: x86_64-pc-none
configure:1404: checking target system type
configure:1418: result: arm-unknown-linux-gnu
configure:1440: checking for x86_64-gcc
configure:1466: result: gcc
configure:1748: checking for C compiler version
configure:1751: gcc --version </dev/null >&5
gcc (GCC) 4.6.2 20111027 (Red Hat 4.6.2-1)
Copyright (C) 2011 Free Software Foundation, Inc.
This is free software; see the source for copying conditions.  There is NO
warranty; not even for MERCHANTABILITY or FITNESS FOR A PARTICULAR PURPOSE.

configure:1754: $? = 0
configure:1756: gcc -v </dev/null >&5
Using built-in specs.
COLLECT_GCC=gcc
COLLECT_LTO_WRAPPER=/usr/libexec/gcc/x86_64-redhat-linux/4.6.2/lto-wrapper
Target: x86_64-redhat-linux
Configured with: ../configure --prefix=/usr --mandir=/usr/share/man --infodir=/usr/share/info --with-bugurl=http://bugzilla.redhat.com/bugzilla --enable-bootstrap --enable-shared --enable-threads=posix --enable-checking=release --with-system-zlib --enable-__cxa_atexit --disable-libunwind-exceptions --enable-gnu-unique-object --enable-linker-build-id --enable-languages=c,c++,objc,obj-c++,java,fortran,ada,go,lto --enable-plugin --enable-java-awt=gtk --disable-dssi --with-java-home=/usr/lib/jvm/java-1.5.0-gcj-1.5.0.0/jre --enable-libgcj-multifile --enable-java-maintainer-mode --with-ecj-jar=/usr/share/java/eclipse-ecj.jar --disable-libjava-multilib --with-ppl --with-cloog --with-tune=generic --with-arch_32=i686 --build=x86_64-redhat-linux
Thread model: posix
gcc version 4.6.2 20111027 (Red Hat 4.6.2-1) (GCC) 
configure:1759: $? = 0
configure:1761: gcc -V </dev/null >&5
gcc: error: unrecognized option '-V'
gcc: fatal error: no input files
compilation terminated.
configure:1764: $? = 4
configure:1787: checking for C compiler default output file name
configure:1790: gcc -g -O2    conftest.c  >&5
configure:1793: $? = 0
configure:1839: result: a.out
configure:1844: checking whether the C compiler works
configure:1850: ./a.out
configure:1853: $? = 0
configure:1870: result: yes
configure:1877: checking whether we are cross compiling
configure:1879: result: no
configure:1882: checking for suffix of executables
configure:1884: gcc -o conftest -g -O2    conftest.c  >&5
configure:1887: $? = 0
configure:1912: result: 
configure:1918: checking for suffix of object files
configure:1939: gcc -c -g -O2   conftest.c >&5
configure:1942: $? = 0
configure:1964: result: o
configure:1968: checking whether we are using the GNU C compiler
configure:1992: gcc -c -g -O2   conftest.c >&5
configure:1998: $? = 0
configure:2002: test -z 
			 || test ! -s conftest.err
configure:2005: $? = 0
configure:2008: test -s conftest.o
configure:2011: $? = 0
configure:2024: result: yes
configure:2030: checking whether gcc accepts -g
configure:2051: gcc -c -g  conftest.c >&5
configure:2057: $? = 0
configure:2061: test -z 
			 || test ! -s conftest.err
configure:2064: $? = 0
configure:2067: test -s conftest.o
configure:2070: $? = 0
configure:2081: result: yes
configure:2098: checking for gcc option to accept ANSI C
configure:2168: gcc  -c -g -O2   conftest.c >&5
configure:2174: $? = 0
configure:2178: test -z 
			 || test ! -s conftest.err
configure:2181: $? = 0
configure:2184: test -s conftest.o
configure:2187: $? = 0
configure:2205: result: none needed
configure:2223: gcc -c -g -O2   conftest.c >&5
conftest.c:2:3: error: unknown type name 'choke'
conftest.c:2:3: error: expected '=', ',', ';', 'asm' or '__attribute__' at end of input
configure:2229: $? = 1
configure: failed program was:
| #ifndef __cplusplus
|   choke me
| #endif
configure:2363: checking for library containing strerror
configure:2393: gcc -o conftest -g -O2    conftest.c  >&5
configure:2399: $? = 0
configure:2403: test -z 
			 || test ! -s conftest.err
configure:2406: $? = 0
configure:2409: test -s conftest
configure:2412: $? = 0
configure:2482: result: none required
configure:2509: checking for a BSD-compatible install
configure:2564: result: /usr/bin/install -c
configure:2575: checking whether build environment is sane
configure:2618: result: yes
configure:2683: checking for gawk
configure:2699: found /bin/gawk
configure:2709: result: gawk
configure:2719: checking whether make sets $(MAKE)
configure:2739: result: yes
configure:2769: checking for style of include used by make
configure:2797: result: GNU
configure:2973: checking dependency style of gcc
configure:3063: result: none
configure:3085: checking for x86_64-ar
configure:3111: result: ar
configure:3164: checking for x86_64-ranlib
configure:3190: result: ranlib
configure:3320: checking for ld used by GCC
configure:3383: result: ld
configure:3392: checking if the linker (ld) is GNU ld
GNU ld version 2.21.53.0.1-6.fc16 20110716
configure:3404: result: yes
configure:3409: checking for ld option to reload object files
configure:3416: result: -r
configure:3421: checking for BSD-compatible nm
configure:3457: result: nm
configure:3460: checking whether ln -s works
configure:3464: result: yes
configure:3471: checking how to recognise dependant libraries
configure:3639: result: unknown
configure:3791: checking for x86_64-ranlib
configure:3817: result: ranlib
configure:3871: checking for x86_64-strip
configure:3900: result: no
configure:3909: checking for strip
configure:3925: found /usr/bin/strip
configure:3936: result: strip
configure:4193: loading cache ./config.cache
ce PIC
ltconfig:687:checking that gcc PIC flag -fPIC -DPIC works.
ltconfig:697: gcc -c -g -O2  -fPIC -DPIC -DPIC  conftest.c 1>&5
ltconfig:749: checking if gcc static flag -static works
ltconfig:758: gcc -o conftest -g -O2    -static conftest.c  1>&5
/usr/bin/ld: cannot find -lc
collect2: ld returned 1 exit status
ltconfig:780: finding the maximum length of command line arguments
ltconfig:@lineno@: result: 49153
ltconfig:833: checking if gcc supports -c -o file.o
ltconfig:834: gcc -c -g -O2  -o out/conftest2.o  conftest.c 1>&5
ltconfig:887: checking if gcc supports -fno-rtti -fno-exceptions
ltconfig:888: gcc -c -g -O2  -fno-rtti -fno-exceptions -c conftest.c  conftest.c 1>&5
ltconfig:1431: checking if global_symbol_pipe works
ltconfig:1432: gcc -c -g -O2   conftest.c 1>&5
ltconfig:1435: eval "nm conftest.o | sed -n -e 's/^.*[ 	]\([ABCDGISTW][ABCDGISTW]*\)[ 	][ 	]*\(\)\([_A-Za-z][_A-Za-z0-9]*\)$/\1 \2\3 \3/p' > conftest.nm"
ltconfig:1487: gcc -o conftest -g -O2  -fno-builtin   conftest.c conftstm.o 1>&5
configure:4308: checking whether to enable maintainer-specific portions of Makefiles
configure:4317: result: no
configure:4347: checking whether to install libbfd
configure:4360: result: no
configure:4400: checking for x86_64-gcc
configure:4426: result: gcc
configure:4708: checking for C compiler version
configure:4711: gcc --version </dev/null >&5
gcc (GCC) 4.6.2 20111027 (Red Hat 4.6.2-1)
Copyright (C) 2011 Free Software Foundation, Inc.
This is free software; see the source for copying conditions.  There is NO
warranty; not even for MERCHANTABILITY or FITNESS FOR A PARTICULAR PURPOSE.

configure:4714: $? = 0
configure:4716: gcc -v </dev/null >&5
Using built-in specs.
COLLECT_GCC=gcc
COLLECT_LTO_WRAPPER=/usr/libexec/gcc/x86_64-redhat-linux/4.6.2/lto-wrapper
Target: x86_64-redhat-linux
Configured with: ../configure --prefix=/usr --mandir=/usr/share/man --infodir=/usr/share/info --with-bugurl=http://bugzilla.redhat.com/bugzilla --enable-bootstrap --enable-shared --enable-threads=posix --enable-checking=release --with-system-zlib --enable-__cxa_atexit --disable-libunwind-exceptions --enable-gnu-unique-object --enable-linker-build-id --enable-languages=c,c++,objc,obj-c++,java,fortran,ada,go,lto --enable-plugin --enable-java-awt=gtk --disable-dssi --with-java-home=/usr/lib/jvm/java-1.5.0-gcj-1.5.0.0/jre --enable-libgcj-multifile --enable-java-maintainer-mode --with-ecj-jar=/usr/share/java/eclipse-ecj.jar --disable-libjava-multilib --with-ppl --with-cloog --with-tune=generic --with-arch_32=i686 --build=x86_64-redhat-linux
Thread model: posix
gcc version 4.6.2 20111027 (Red Hat 4.6.2-1) (GCC) 
configure:4719: $? = 0
configure:4721: gcc -V </dev/null >&5
gcc: error: unrecognized option '-V'
gcc: fatal error: no input files
compilation terminated.
configure:4724: $? = 4
configure:4727: checking whether we are using the GNU C compiler
configure:4783: result: yes
configure:4789: checking whether gcc accepts -g
configure:4840: result: yes
configure:4857: checking for gcc option to accept ANSI C
configure:4964: result: none needed
configure:4982: gcc -c -g -O2   conftest.c >&5
conftest.c:2:3: error: unknown type name 'choke'
conftest.c:2:3: error: expected '=', ',', ';', 'asm' or '__attribute__' at end of input
configure:4988: $? = 1
configure: failed program was:
| #ifndef __cplusplus
|   choke me
| #endif
configure:5126: checking for x86_64-ranlib
configure:5152: result: ranlib
configure:5208: checking how to run the C preprocessor
configure:5243: gcc -E  conftest.c
configure:5249: $? = 0
configure:5281: gcc -E  conftest.c
conftest.c:11:28: fatal error: ac_nonexistent.h: No such file or directory
compilation terminated.
configure:5287: $? = 1
configure: failed program was:
| /* confdefs.h.  */
| 
| #define PACKAGE_NAME ""
| #define PACKAGE_TARNAME ""
| #define PACKAGE_VERSION ""
| #define PACKAGE_STRING ""
| #define PACKAGE_BUGREPORT ""
| #define PACKAGE "opcodes"
| #define VERSION "6.3.50.20051116"
| /* end confdefs.h.  */
| #include <ac_nonexistent.h>
configure:5326: result: gcc -E
configure:5350: gcc -E  conftest.c
configure:5356: $? = 0
configure:5388: gcc -E  conftest.c
conftest.c:11:28: fatal error: ac_nonexistent.h: No such file or directory
compilation terminated.
configure:5394: $? = 1
configure: failed program was:
| /* confdefs.h.  */
| 
| #define PACKAGE_NAME ""
| #define PACKAGE_TARNAME ""
| #define PACKAGE_VERSION ""
| #define PACKAGE_STRING ""
| #define PACKAGE_BUGREPORT ""
| #define PACKAGE "opcodes"
| #define VERSION "6.3.50.20051116"
| /* end confdefs.h.  */
| #include <ac_nonexistent.h>
configure:5438: checking for egrep
configure:5448: result: grep -E
configure:5453: checking for ANSI C header files
configure:5478: gcc -c -g -O2   conftest.c >&5
configure:5484: $? = 0
configure:5488: test -z 
			 || test ! -s conftest.err
configure:5491: $? = 0
configure:5494: test -s conftest.o
configure:5497: $? = 0
configure:5586: gcc -o conftest -g -O2    conftest.c  >&5
conftest.c: In function 'main':
conftest.c:28:7: warning: incompatible implicit declaration of built-in function 'exit' [enabled by default]
configure:5589: $? = 0
configure:5591: ./conftest
configure:5594: $? = 0
configure:5609: result: yes
configure:5619: checking for an ANSI C-conforming const
configure:5686: gcc -c -g -O2   conftest.c >&5
configure:5692: $? = 0
configure:5696: test -z 
			 || test ! -s conftest.err
configure:5699: $? = 0
configure:5702: test -s conftest.o
configure:5705: $? = 0
configure:5716: result: yes
configure:5726: checking for inline
configure:5747: gcc -c -g -O2   conftest.c >&5
configure:5753: $? = 0
configure:5757: test -z 
			 || test ! -s conftest.err
configure:5760: $? = 0
configure:5763: test -s conftest.o
configure:5766: $? = 0
configure:5778: result: inline
configure:5811: checking for sys/types.h
configure:5827: gcc -c -g -O2   conftest.c >&5
configure:5833: $? = 0
configure:5837: test -z 
			 || test ! -s conftest.err
configure:5840: $? = 0
configure:5843: test -s conftest.o
configure:5846: $? = 0
configure:5857: result: yes
configure:5811: checking for sys/stat.h
configure:5827: gcc -c -g -O2   conftest.c >&5
configure:5833: $? = 0
configure:5837: test -z 
			 || test ! -s conftest.err
configure:5840: $? = 0
configure:5843: test -s conftest.o
configure:5846: $? = 0
configure:5857: result: yes
configure:5811: checking for stdlib.h
configure:5827: gcc -c -g -O2   conftest.c >&5
configure:5833: $? = 0
configure:5837: test -z 
			 || test ! -s conftest.err
configure:5840: $? = 0
configure:5843: test -s conftest.o
configure:5846: $? = 0
configure:5857: result: yes
configure:5811: checking for string.h
configure:5827: gcc -c -g -O2   conftest.c >&5
configure:5833: $? = 0
configure:5837: test -z 
			 || test ! -s conftest.err
configure:5840: $? = 0
configure:5843: test -s conftest.o
configure:5846: $? = 0
configure:5857: result: yes
configure:5811: checking for memory.h
configure:5827: gcc -c -g -O2   conftest.c >&5
configure:5833: $? = 0
configure:5837: test -z 
			 || test ! -s conftest.err
configure:5840: $? = 0
configure:5843: test -s conftest.o
configure:5846: $? = 0
configure:5857: result: yes
configure:5811: checking for strings.h
configure:5827: gcc -c -g -O2   conftest.c >&5
configure:5833: $? = 0
configure:5837: test -z 
			 || test ! -s conftest.err
configure:5840: $? = 0
configure:5843: test -s conftest.o
configure:5846: $? = 0
configure:5857: result: yes
configure:5811: checking for inttypes.h
configure:5827: gcc -c -g -O2   conftest.c >&5
configure:5833: $? = 0
configure:5837: test -z 
			 || test ! -s conftest.err
configure:5840: $? = 0
configure:5843: test -s conftest.o
configure:5846: $? = 0
configure:5857: result: yes
configure:5811: checking for stdint.h
configure:5827: gcc -c -g -O2   conftest.c >&5
configure:5833: $? = 0
configure:5837: test -z 
			 || test ! -s conftest.err
configure:5840: $? = 0
configure:5843: test -s conftest.o
configure:5846: $? = 0
configure:5857: result: yes
configure:5811: checking for unistd.h
configure:5827: gcc -c -g -O2   conftest.c >&5
configure:5833: $? = 0
configure:5837: test -z 
			 || test ! -s conftest.err
configure:5840: $? = 0
configure:5843: test -s conftest.o
configure:5846: $? = 0
configure:5857: result: yes
configure:5869: checking for off_t
configure:5893: gcc -c -g -O2   conftest.c >&5
configure:5899: $? = 0
configure:5903: test -z 
			 || test ! -s conftest.err
configure:5906: $? = 0
configure:5909: test -s conftest.o
configure:5912: $? = 0
configure:5923: result: yes
configure:5935: checking for size_t
configure:5959: gcc -c -g -O2   conftest.c >&5
configure:5965: $? = 0
configure:5969: test -z 
			 || test ! -s conftest.err
configure:5972: $? = 0
configure:5975: test -s conftest.o
configure:5978: $? = 0
configure:5989: result: yes
configure:6003: checking for working alloca.h
configure:6024: gcc -o conftest -g -O2    conftest.c  >&5
configure:6030: $? = 0
configure:6034: test -z 
			 || test ! -s conftest.err
configure:6037: $? = 0
configure:6040: test -s conftest
configure:6043: $? = 0
configure:6055: result: yes
configure:6065: checking for alloca
configure:6106: gcc -o conftest -g -O2    conftest.c  >&5
configure:6112: $? = 0
configure:6116: test -z 
			 || test ! -s conftest.err
configure:6119: $? = 0
configure:6122: test -s conftest
configure:6125: $? = 0
configure:6137: result: yes
configure:6366: checking for stdlib.h
configure:6371: result: yes
configure:6366: checking for unistd.h
configure:6371: result: yes
configure:6515: checking for getpagesize
configure:6572: gcc -o conftest -g -O2    conftest.c  >&5
configure:6578: $? = 0
configure:6582: test -z 
			 || test ! -s conftest.err
configure:6585: $? = 0
configure:6588: test -s conftest
configure:6591: $? = 0
configure:6603: result: yes
configure:6613: checking for working mmap
configure:6755: gcc -o conftest -g -O2    conftest.c  >&5
configure:6758: $? = 0
configure:6760: ./conftest
configure:6763: $? = 0
configure:6777: result: yes
configure:6812: checking argz.h usability
configure:6824: gcc -c -g -O2   conftest.c >&5
configure:6830: $? = 0
configure:6834: test -z 
			 || test ! -s conftest.err
configure:6837: $? = 0
configure:6840: test -s conftest.o
configure:6843: $? = 0
configure:6853: result: yes
configure:6857: checking argz.h presence
configure:6867: gcc -E  conftest.c
configure:6873: $? = 0
configure:6893: result: yes
configure:6928: checking for argz.h
configure:6935: result: yes
configure:6812: checking limits.h usability
configure:6824: gcc -c -g -O2   conftest.c >&5
configure:6830: $? = 0
configure:6834: test -z 
			 || test ! -s conftest.err
configure:6837: $? = 0
configure:6840: test -s conftest.o
configure:6843: $? = 0
configure:6853: result: yes
configure:6857: checking limits.h presence
configure:6867: gcc -E  conftest.c
configure:6873: $? = 0
configure:6893: result: yes
configure:6928: checking for limits.h
configure:6935: result: yes
configure:6812: checking locale.h usability
configure:6824: gcc -c -g -O2   conftest.c >&5
configure:6830: $? = 0
configure:6834: test -z 
			 || test ! -s conftest.err
configure:6837: $? = 0
configure:6840: test -s conftest.o
configure:6843: $? = 0
configure:6853: result: yes
configure:6857: checking locale.h presence
configure:6867: gcc -E  conftest.c
configure:6873: $? = 0
configure:6893: result: yes
configure:6928: checking for locale.h
configure:6935: result: yes
configure:6812: checking nl_types.h usability
configure:6824: gcc -c -g -O2   conftest.c >&5
configure:6830: $? = 0
configure:6834: test -z 
			 || test ! -s conftest.err
configure:6837: $? = 0
configure:6840: test -s conftest.o
configure:6843: $? = 0
configure:6853: result: yes
configure:6857: checking nl_types.h presence
configure:6867: gcc -E  conftest.c
configure:6873: $? = 0
configure:6893: result: yes
configure:6928: checking for nl_types.h
configure:6935: result: yes
configure:6812: checking malloc.h usability
configure:6824: gcc -c -g -O2   conftest.c >&5
configure:6830: $? = 0
configure:6834: test -z 
			 || test ! -s conftest.err
configure:6837: $? = 0
configure:6840: test -s conftest.o
configure:6843: $? = 0
configure:6853: result: yes
configure:6857: checking malloc.h presence
configure:6867: gcc -E  conftest.c
configure:6873: $? = 0
configure:6893: result: yes
configure:6928: checking for malloc.h
configure:6935: result: yes
configure:6803: checking for string.h
configure:6808: result: yes
configure:6803: checking for unistd.h
configure:6808: result: yes
configure:6812: checking values.h usability
configure:6824: gcc -c -g -O2   conftest.c >&5
configure:6830: $? = 0
configure:6834: test -z 
			 || test ! -s conftest.err
configure:6837: $? = 0
configure:6840: test -s conftest.o
configure:6843: $? = 0
configure:6853: result: yes
configure:6857: checking values.h presence
configure:6867: gcc -E  conftest.c
configure:6873: $? = 0
configure:6893: result: yes
configure:6928: checking for values.h
configure:6935: result: yes
configure:6812: checking sys/param.h usability
configure:6824: gcc -c -g -O2   conftest.c >&5
configure:6830: $? = 0
configure:6834: test -z 
			 || test ! -s conftest.err
configure:6837: $? = 0
configure:6840: test -s conftest.o
configure:6843: $? = 0
configure:6853: result: yes
configure:6857: checking sys/param.h presence
configure:6867: gcc -E  conftest.c
configure:6873: $? = 0
configure:6893: result: yes
configure:6928: checking for sys/param.h
configure:6935: result: yes
configure:6962: checking for getcwd
configure:7019: gcc -o conftest -g -O2    conftest.c  >&5
configure:7025: $? = 0
configure:7029: test -z 
			 || test ! -s conftest.err
configure:7032: $? = 0
configure:7035: test -s conftest
configure:7038: $? = 0
configure:7050: result: yes
configure:6962: checking for munmap
configure:7019: gcc -o conftest -g -O2    conftest.c  >&5
configure:7025: $? = 0
configure:7029: test -z 
			 || test ! -s conftest.err
configure:7032: $? = 0
configure:7035: test -s conftest
configure:7038: $? = 0
configure:7050: result: yes
configure:6962: checking for putenv
configure:7019: gcc -o conftest -g -O2    conftest.c  >&5
configure:7025: $? = 0
configure:7029: test -z 
			 || test ! -s conftest.err
configure:7032: $? = 0
configure:7035: test -s conftest
configure:7038: $? = 0
configure:7050: result: yes
configure:6962: checking for setenv
configure:7019: gcc -o conftest -g -O2    conftest.c  >&5
configure:7025: $? = 0
configure:7029: test -z 
			 || test ! -s conftest.err
configure:7032: $? = 0
configure:7035: test -s conftest
configure:7038: $? = 0
configure:7050: result: yes
configure:6962: checking for setlocale
configure:7019: gcc -o conftest -g -O2    conftest.c  >&5
configure:7025: $? = 0
configure:7029: test -z 
			 || test ! -s conftest.err
configure:7032: $? = 0
configure:7035: test -s conftest
configure:7038: $? = 0
configure:7050: result: yes
configure:6962: checking for strchr
configure:7019: gcc -o conftest -g -O2    conftest.c  >&5
conftest.c:65:6: warning: conflicting types for built-in function 'strchr' [enabled by default]
configure:7025: $? = 0
configure:7029: test -z 
			 || test ! -s conftest.err
configure:7032: $? = 0
configure:7035: test -s conftest
configure:7038: $? = 0
configure:7050: result: yes
configure:6962: checking for strcasecmp
configure:7019: gcc -o conftest -g -O2    conftest.c  >&5
conftest.c:66:6: warning: conflicting types for built-in function 'strcasecmp' [enabled by default]
configure:7025: $? = 0
configure:7029: test -z 
			 || test ! -s conftest.err
configure:7032: $? = 0
configure:7035: test -s conftest
configure:7038: $? = 0
configure:7050: result: yes
configure:6962: checking for __argz_count
configure:7019: gcc -o conftest -g -O2    conftest.c  >&5
configure:7025: $? = 0
configure:7029: test -z 
			 || test ! -s conftest.err
configure:7032: $? = 0
configure:7035: test -s conftest
configure:7038: $? = 0
configure:7050: result: yes
configure:6962: checking for __argz_stringify
configure:7019: gcc -o conftest -g -O2    conftest.c  >&5
configure:7025: $? = 0
configure:7029: test -z 
			 || test ! -s conftest.err
configure:7032: $? = 0
configure:7035: test -s conftest
configure:7038: $? = 0
configure:7050: result: yes
configure:6962: checking for __argz_next
configure:7019: gcc -o conftest -g -O2    conftest.c  >&5
configure:7025: $? = 0
configure:7029: test -z 
			 || test ! -s conftest.err
configure:7032: $? = 0
configure:7035: test -s conftest
configure:7038: $? = 0
configure:7050: result: yes
configure:7066: checking for stpcpy
configure:7123: gcc -o conftest -g -O2    conftest.c  >&5
conftest.c:70:6: warning: conflicting types for built-in function 'stpcpy' [enabled by default]
configure:7129: $? = 0
configure:7133: test -z 
			 || test ! -s conftest.err
configure:7136: $? = 0
configure:7139: test -s conftest
configure:7142: $? = 0
configure:7154: result: yes
configure:7174: checking for LC_MESSAGES
configure:7195: gcc -o conftest -g -O2    conftest.c  >&5
configure:7201: $? = 0
configure:7205: test -z 
			 || test ! -s conftest.err
configure:7208: $? = 0
configure:7211: test -s conftest
configure:7214: $? = 0
configure:7226: result: yes
configure:7236: checking whether NLS is requested
configure:7245: result: yes
configure:7252: checking whether included gettext is requested
configure:7262: result: no
configure:7281: checking libintl.h usability
configure:7293: gcc -c -g -O2   conftest.c >&5
configure:7299: $? = 0
configure:7303: test -z 
			 || test ! -s conftest.err
configure:7306: $? = 0
configure:7309: test -s conftest.o
configure:7312: $? = 0
configure:7322: result: yes
configure:7326: checking libintl.h presence
configure:7336: gcc -E  conftest.c
configure:7342: $? = 0
configure:7362: result: yes
configure:7397: checking for libintl.h
configure:7404: result: yes
configure:7409: checking for gettext in libc
configure:7430: gcc -o conftest -g -O2    conftest.c  >&5
conftest.c: In function 'main':
conftest.c:53:8: warning: cast from pointer to integer of different size [-Wpointer-to-int-cast]
configure:7436: $? = 0
configure:7440: test -z 
			 || test ! -s conftest.err
configure:7443: $? = 0
configure:7446: test -s conftest
configure:7449: $? = 0
configure:7461: result: yes
configure:7597: checking for msgfmt
configure:7624: result: /usr/bin/msgfmt
configure:7635: checking for dcgettext
configure:7692: gcc -o conftest -g -O2    conftest.c  >&5
conftest.c:74:6: warning: conflicting types for built-in function 'dcgettext' [enabled by default]
configure:7698: $? = 0
configure:7702: test -z 
			 || test ! -s conftest.err
configure:7705: $? = 0
configure:7708: test -s conftest
configure:7711: $? = 0
configure:7723: result: yes
configure:7735: checking for gmsgfmt
configure:7766: result: /usr/bin/msgfmt
configure:7775: checking for xgettext
configure:7802: result: /usr/bin/xgettext
configure:7826: gcc -o conftest -g -O2    conftest.c  >&5
configure:7832: $? = 0
configure:7836: test -z 
			 || test ! -s conftest.err
configure:7839: $? = 0
configure:7842: test -s conftest
configure:7845: $? = 0
configure:8054: checking for catalogs to be installed
configure:8063: result:  fr sv tr es da de id pt_BR ro nl fi vi ga
configure:8320: checking for a BSD-compatible install
configure:8375: result: /usr/bin/install -c
configure:8394: checking for string.h
configure:8399: result: yes
configure:8394: checking for strings.h
configure:8399: result: yes
configure:8394: checking for stdlib.h
configure:8399: result: yes
configure:8540: checking whether basename is declared
configure:8564: gcc -c -g -O2   conftest.c >&5
conftest.c: In function 'main':
conftest.c:93:22: error: 'basename' undeclared (first use in this function)
conftest.c:93:22: note: each undeclared identifier is reported only once for each function it appears in
configure:8570: $? = 1
configure: failed program was:
| /* confdefs.h.  */
| 
| #define PACKAGE_NAME ""
| #define PACKAGE_TARNAME ""
| #define PACKAGE_VERSION ""
| #define PACKAGE_STRING ""
| #define PACKAGE_BUGREPORT ""
| #define PACKAGE "opcodes"
| #define VERSION "6.3.50.20051116"
| #define STDC_HEADERS 1
| #define HAVE_SYS_TYPES_H 1
| #define HAVE_SYS_STAT_H 1
| #define HAVE_STDLIB_H 1
| #define HAVE_STRING_H 1
| #define HAVE_MEMORY_H 1
| #define HAVE_STRINGS_H 1
| #define HAVE_INTTYPES_H 1
| #define HAVE_STDINT_H 1
| #define HAVE_UNISTD_H 1
| #define HAVE_ALLOCA_H 1
| #define HAVE_ALLOCA 1
| #define HAVE_STDLIB_H 1
| #define HAVE_UNISTD_H 1
| #define HAVE_GETPAGESIZE 1
| #define HAVE_MMAP 1
| #define HAVE_ARGZ_H 1
| #define HAVE_LIMITS_H 1
| #define HAVE_LOCALE_H 1
| #define HAVE_NL_TYPES_H 1
| #define HAVE_MALLOC_H 1
| #define HAVE_STRING_H 1
| #define HAVE_UNISTD_H 1
| #define HAVE_VALUES_H 1
| #define HAVE_SYS_PARAM_H 1
| #define HAVE_GETCWD 1
| #define HAVE_MUNMAP 1
| #define HAVE_PUTENV 1
| #define HAVE_SETENV 1
| #define HAVE_SETLOCALE 1
| #define HAVE_STRCHR 1
| #define HAVE_STRCASECMP 1
| #define HAVE___ARGZ_COUNT 1
| #define HAVE___ARGZ_STRINGIFY 1
| #define HAVE___ARGZ_NEXT 1
| #define HAVE_STPCPY 1
| #define HAVE_STPCPY 1
| #define HAVE_LC_MESSAGES 1
| #define HAVE_GETTEXT 1
| #define HAVE_DCGETTEXT 1
| #define ENABLE_NLS 1
| #define HAVE_STRING_H 1
| #define HAVE_STRINGS_H 1
| #define HAVE_STDLIB_H 1
| /* end confdefs.h.  */
| #include <stdio.h>
| #if HAVE_SYS_TYPES_H
| # include <sys/types.h>
| #endif
| #if HAVE_SYS_STAT_H
| # include <sys/stat.h>
| #endif
| #if STDC_HEADERS
| # include <stdlib.h>
| # include <stddef.h>
| #else
| # if HAVE_STDLIB_H
| #  include <stdlib.h>
| # endif
| #endif
| #if HAVE_STRING_H
| # if !STDC_HEADERS && HAVE_MEMORY_H
| #  include <memory.h>
| # endif
| # include <string.h>
| #endif
| #if HAVE_STRINGS_H
| # include <strings.h>
| #endif
| #if HAVE_INTTYPES_H
| # include <inttypes.h>
| #else
| # if HAVE_STDINT_H
| #  include <stdint.h>
| # endif
| #endif
| #if HAVE_UNISTD_H
| # include <unistd.h>
| #endif
| int
| main ()
| {
| #ifndef basename
|   char *p = (char *) basename;
| #endif
| 
|   ;
|   return 0;
| }
configure:8594: result: no
configure:8956: creating ./config.status

## ---------------------- ##
## Running config.status. ##
## ---------------------- ##

This file was extended by config.status, which was
generated by GNU Autoconf 2.59.  Invocation command line was

  CONFIG_FILES    = 
  CONFIG_HEADERS  = 
  CONFIG_LINKS    = 
  CONFIG_COMMANDS = 
  $ ./config.status 

on smalik-laptop

config.status:752: creating Makefile
config.status:752: creating po/Makefile.in
config.status:849: creating config.h
config.status:1221: executing depfiles commands
config.status:1221: executing default commands

## ---------------- ##
## Cache variables. ##
## ---------------- ##

ac_cv_archive_cmds_needs_lc=yes
ac_cv_build=x86_64-pc-none
ac_cv_build_alias=x86_64
ac_cv_c_compiler_gnu=yes
ac_cv_c_const=yes
ac_cv_c_inline=inline
ac_cv_env_CC_set=set
ac_cv_env_CC_value=gcc
ac_cv_env_CFLAGS_set=set
ac_cv_env_CFLAGS_value='-g -O2 '
ac_cv_env_CPPFLAGS_set=
ac_cv_env_CPPFLAGS_value=
ac_cv_env_CPP_set=
ac_cv_env_CPP_value=
ac_cv_env_LDFLAGS_set=set
ac_cv_env_LDFLAGS_value=
ac_cv_env_build_alias_set=set
ac_cv_env_build_alias_value=x86_64
ac_cv_env_host_alias_set=set
ac_cv_env_host_alias_value=x86_64
ac_cv_env_target_alias_set=set
ac_cv_env_target_alias_value=arm-linux
ac_cv_exeext=
ac_cv_func___argz_count=yes
ac_cv_func___argz_next=yes
ac_cv_func___argz_stringify=yes
ac_cv_func_alloca_works=yes
ac_cv_func_dcgettext=yes
ac_cv_func_getcwd=yes
ac_cv_func_getpagesize=yes
ac_cv_func_mmap_fixed_mapped=yes
ac_cv_func_munmap=yes
ac_cv_func_putenv=yes
ac_cv_func_setenv=yes
ac_cv_func_setlocale=yes
ac_cv_func_stpcpy=yes
ac_cv_func_strcasecmp=yes
ac_cv_func_strchr=yes
ac_cv_have_decl_basename=no
ac_cv_header_argz_h=yes
ac_cv_header_inttypes_h=yes
ac_cv_header_libintl_h=yes
ac_cv_header_limits_h=yes
ac_cv_header_locale_h=yes
ac_cv_header_malloc_h=yes
ac_cv_header_memory_h=yes
ac_cv_header_nl_types_h=yes
ac_cv_header_stdc=yes
ac_cv_header_stdint_h=yes
ac_cv_header_stdlib_h=yes
ac_cv_header_string_h=yes
ac_cv_header_strings_h=yes
ac_cv_header_sys_param_h=yes
ac_cv_header_sys_stat_h=yes
ac_cv_header_sys_types_h=yes
ac_cv_header_unistd_h=yes
ac_cv_header_values_h=yes
ac_cv_host=x86_64-pc-none
ac_cv_host_alias=x86_64
ac_cv_objext=o
ac_cv_path_GMSGFMT=/usr/bin/msgfmt
ac_cv_path_MSGFMT=/usr/bin/msgfmt
ac_cv_path_XGETTEXT=/usr/bin/xgettext
ac_cv_prog_AR=ar
ac_cv_prog_AWK=gawk
ac_cv_prog_CC=gcc
ac_cv_prog_CPP='gcc -E'
ac_cv_prog_RANLIB=ranlib
ac_cv_prog_ac_ct_STRIP=strip
ac_cv_prog_cc_can_build_shared=yes
ac_cv_prog_cc_g=yes
ac_cv_prog_cc_no_builtin=
ac_cv_prog_cc_pic=' -fPIC -DPIC'
ac_cv_prog_cc_pic_works=yes
ac_cv_prog_cc_shlib=
ac_cv_prog_cc_static=
ac_cv_prog_cc_static_works=no
ac_cv_prog_cc_stdc=
ac_cv_prog_cc_wl=-Wl,
ac_cv_prog_egrep='grep -E'
ac_cv_prog_make_make_set=yes
ac_cv_search_strerror='none required'
ac_cv_target=arm-unknown-linux-gnu
ac_cv_target_alias=arm-linux
ac_cv_type_off_t=yes
ac_cv_type_size_t=yes
ac_cv_working_alloca_h=yes
am_cv_CC_dependencies_compiler_type=none
am_cv_val_LC_MESSAGES=yes
gt_cv_func_gettext_libc=yes
lt_cv_compiler_c_o=yes
lt_cv_deplibs_check_method=unknown
lt_cv_file_magic_cmd='$MAGIC_CMD'
lt_cv_file_magic_test_file=
lt_cv_ld_reload_flag=-r
lt_cv_path_LD=ld
lt_cv_path_NM=nm
lt_cv_prog_gnu_ld=yes
lt_cv_sys_max_cmd_len=49153
nls_cv_force_use_gnu_gettext=no
nls_cv_header_intl=
nls_cv_header_libgt=
nls_cv_use_gnu_gettext=no

## ----------------- ##
## Output variables. ##
## ----------------- ##

ACLOCAL='${SHELL} /home/smalik/Downloads/arm/gdb/gdb-6.3.50.20051116/missing --run aclocal-1.9'
ALLOCA=''
AMDEPBACKSLASH='\'
AMDEP_FALSE='#'
AMDEP_TRUE=''
AMTAR='${SHELL} /home/smalik/Downloads/arm/gdb/gdb-6.3.50.20051116/missing --run tar'
AR='ar'
AUTOCONF='${SHELL} /home/smalik/Downloads/arm/gdb/gdb-6.3.50.20051116/missing --run autoconf'
AUTOHEADER='${SHELL} /home/smalik/Downloads/arm/gdb/gdb-6.3.50.20051116/missing --run autoheader'
AUTOMAKE='${SHELL} /home/smalik/Downloads/arm/gdb/gdb-6.3.50.20051116/missing --run automake-1.9'
AWK='gawk'
BFD_MACHINES=' arm-dis.lo'
CATALOGS=' fr.gmo sv.gmo tr.gmo es.gmo da.gmo de.gmo id.gmo pt_BR.gmo ro.gmo nl.gmo fi.gmo vi.gmo ga.gmo'
CATOBJEXT='.gmo'
CC='gcc'
CCDEPMODE='depmode=none'
CC_FOR_BUILD='gcc'
CFLAGS='-g -O2 '
CGEN_MAINT_FALSE=''
CGEN_MAINT_TRUE='#'
CPP='gcc -E'
CPPFLAGS=''
CYGPATH_W='echo'
DATADIRNAME='share'
DEFS='-DHAVE_CONFIG_H'
DEPDIR='.deps'
ECHO_C=''
ECHO_N='-n'
ECHO_T=''
EGREP='grep -E'
EXEEXT=''
EXEEXT_FOR_BUILD='$(EXEEXT)'
GMOFILES=' fr.gmo sv.gmo tr.gmo es.gmo da.gmo de.gmo id.gmo pt_BR.gmo ro.gmo nl.gmo fi.gmo vi.gmo ga.gmo'
GMSGFMT='/usr/bin/msgfmt'
GT_NO=''
GT_YES='#YES#'
HDEFINES=''
INCLUDE_LOCALE_H='#include <locale.h>'
INSTALL_DATA='/usr/bin/install -c -m 644'
INSTALL_LIBBFD_FALSE=''
INSTALL_LIBBFD_TRUE='#'
INSTALL_PROGRAM='/usr/bin/install -c'
INSTALL_SCRIPT='/usr/bin/install -c'
INSTALL_STRIP_PROGRAM='${SHELL} $(install_sh) -c -s'
INSTOBJEXT='.mo'
INTLDEPS=''
INTLLIBS=''
INTLOBJS=''
LDFLAGS=''
LIBOBJS=''
LIBS=''
LIBTOOL='$(SHELL) $(top_builddir)/libtool'
LN_S='ln -s'
LTLIBOBJS=''
MAINT='#'
MAINTAINER_MODE_FALSE=''
MAINTAINER_MODE_TRUE='#'
MAKEINFO='/home/smalik/Downloads/arm/gdb/gdb-6.3.50.20051116/missing makeinfo --split-size=5000000'
MKINSTALLDIRS='$(srcdir)/../../mkinstalldirs'
MSGFMT='/usr/bin/msgfmt'
NO_WERROR=''
OBJEXT='o'
PACKAGE='opcodes'
PACKAGE_BUGREPORT=''
PACKAGE_NAME=''
PACKAGE_STRING=''
PACKAGE_TARNAME=''
PACKAGE_VERSION=''
PATH_SEPARATOR=':'
POFILES=' fr.po sv.po tr.po es.po da.po de.po id.po pt_BR.po ro.po nl.po fi.po vi.po ga.po'
POSUB='po'
RANLIB='ranlib'
SET_MAKE=''
SHELL='/bin/sh'
STRIP='strip'
USE_INCLUDED_LIBINTL='no'
USE_NLS='yes'
VERSION='6.3.50.20051116'
WARN_CFLAGS='-W -Wall -Wstrict-prototypes -Wmissing-prototypes'
WIN32LDFLAGS=''
WIN32LIBADD=''
XGETTEXT='/usr/bin/xgettext'
ac_ct_AR=''
ac_ct_CC=''
ac_ct_RANLIB=''
ac_ct_STRIP='strip'
am__fastdepCC_FALSE=''
am__fastdepCC_TRUE='#'
am__include='include'
am__leading_dot='.'
am__quote=''
am__tar='${AMTAR} chof - "$$tardir"'
am__untar='${AMTAR} xf -'
archdefs=' -DARCH_arm'
bfdincludedir='$(exec_prefix)/$(host_noncanonical)/$(target_noncanonical)/include'
bfdlibdir='$(exec_prefix)/$(host_noncanonical)/$(target_noncanonical)/lib'
bindir='${exec_prefix}/bin'
build='x86_64-pc-none'
build_alias='x86_64'
build_cpu='x86_64'
build_os='none'
build_vendor='pc'
cgendir='$(srcdir)/../cgen'
datadir='${prefix}/share'
exec_prefix='${prefix}'
host='x86_64-pc-none'
host_alias='x86_64'
host_cpu='x86_64'
host_noncanonical='x86_64'
host_os='none'
host_vendor='pc'
includedir='${prefix}/include'
infodir='${prefix}/info'
install_sh='/home/smalik/Downloads/arm/gdb/gdb-6.3.50.20051116/install-sh'
l=''
libdir='${exec_prefix}/lib'
libexecdir='${exec_prefix}/libexec'
localstatedir='${prefix}/var'
mandir='${prefix}/man'
mkdir_p='mkdir -p --'
oldincludedir='/usr/include'
prefix='/usr/local'
program_transform_name='s,^,arm-linux-,;'
sbindir='${exec_prefix}/sbin'
sharedstatedir='${prefix}/com'
sysconfdir='${prefix}/etc'
target='arm-unknown-linux-gnu'
target_alias='arm-linux'
target_cpu='arm'
target_noncanonical='arm-linux'
target_os='linux-gnu'
target_vendor='unknown'

## ----------- ##
## confdefs.h. ##
## ----------- ##

#define ENABLE_NLS 1
#define HAVE_ALLOCA 1
#define HAVE_ALLOCA_H 1
#define HAVE_ARGZ_H 1
#define HAVE_DCGETTEXT 1
#define HAVE_DECL_BASENAME 0
#define HAVE_GETCWD 1
#define HAVE_GETPAGESIZE 1
#define HAVE_GETTEXT 1
#define HAVE_INTTYPES_H 1
#define HAVE_LC_MESSAGES 1
#define HAVE_LIMITS_H 1
#define HAVE_LOCALE_H 1
#define HAVE_MALLOC_H 1
#define HAVE_MEMORY_H 1
#define HAVE_MMAP 1
#define HAVE_MUNMAP 1
#define HAVE_NL_TYPES_H 1
#define HAVE_PUTENV 1
#define HAVE_SETENV 1
#define HAVE_SETLOCALE 1
#define HAVE_STDINT_H 1
#define HAVE_STDLIB_H 1
#define HAVE_STDLIB_H 1
#define HAVE_STDLIB_H 1
#define HAVE_STPCPY 1
#define HAVE_STPCPY 1
#define HAVE_STRCASECMP 1
#define HAVE_STRCHR 1
#define HAVE_STRINGS_H 1
#define HAVE_STRINGS_H 1
#define HAVE_STRING_H 1
#define HAVE_STRING_H 1
#define HAVE_STRING_H 1
#define HAVE_SYS_PARAM_H 1
#define HAVE_SYS_STAT_H 1
#define HAVE_SYS_TYPES_H 1
#define HAVE_UNISTD_H 1
#define HAVE_UNISTD_H 1
#define HAVE_UNISTD_H 1
#define HAVE_VALUES_H 1
#define HAVE___ARGZ_COUNT 1
#define HAVE___ARGZ_NEXT 1
#define HAVE___ARGZ_STRINGIFY 1
#define PACKAGE "opcodes"
#define PACKAGE_BUGREPORT ""
#define PACKAGE_NAME ""
#define PACKAGE_STRING ""
#define PACKAGE_TARNAME ""
#define PACKAGE_VERSION ""
#define STDC_HEADERS 1
#define VERSION "6.3.50.20051116"

configure: exit 0
