This file contains any messages produced by compilers while
running configure, to aid debugging if configure makes a mistake.

It was created by configure, which was
generated by GNU Autoconf 2.59.  Invocation command line was

  $ /home/smalik/Downloads/arm/gdb/gdb-6.3.50.20051116/sim/configure --cache-file=./config.cache --build=x86_64 --host=x86_64 --target=arm-linux --enable-werror=no --program-transform-name=s,^,arm-linux-,;  --srcdir=.././sim

## --------- ##
## Platform. ##
## --------- ##

hostname = smalik-laptop
uname -m = x86_64
uname -r = 3.1.6-1.fc16.x86_64
uname -s = Linux
uname -v = #1 SMP Wed Dec 21 22:41:17 UTC 2011

/usr/bin/uname -p = unknown
/bin/uname -X     = unknown

/bin/arch              = x86_64
/usr/bin/arch -k       = unknown
/usr/convex/getsysinfo = unknown
hostinfo               = unknown
/bin/machine           = unknown
/usr/bin/oslevel       = unknown
/bin/universe          = unknown

PATH: /home/smalik/Downloads/firefox
PATH: /home/smalik/Downloads/jazz/scmtools/eclipse
PATH: /home/smalik/Downloads/firefox
PATH: /home/smalik/Downloads/jazz/scmtools/eclipse
PATH: /usr/local/bin
PATH: /bin
PATH: /usr/bin
PATH: /usr/local/sbin
PATH: /usr/sbin
PATH: /sbin
PATH: /opt/lodev3.5//program
PATH: /opt/ibm/c4eb/bin
PATH: /home/smalik/bin
PATH: /usr/kerberos/bin
PATH: /home/smalik/arm-gcc/opt/FriendlyARM/toolschain/4.4.3/bin


## ----------- ##
## Core tests. ##
## ----------- ##

configure:1198: creating cache ./config.cache
configure:1287: checking for x86_64-gcc
configure:1313: result: gcc
configure:1595: checking for C compiler version
configure:1598: gcc --version </dev/null >&5
gcc (GCC) 4.6.2 20111027 (Red Hat 4.6.2-1)
Copyright (C) 2011 Free Software Foundation, Inc.
This is free software; see the source for copying conditions.  There is NO
warranty; not even for MERCHANTABILITY or FITNESS FOR A PARTICULAR PURPOSE.

configure:1601: $? = 0
configure:1603: gcc -v </dev/null >&5
Using built-in specs.
COLLECT_GCC=gcc
COLLECT_LTO_WRAPPER=/usr/libexec/gcc/x86_64-redhat-linux/4.6.2/lto-wrapper
Target: x86_64-redhat-linux
Configured with: ../configure --prefix=/usr --mandir=/usr/share/man --infodir=/usr/share/info --with-bugurl=http://bugzilla.redhat.com/bugzilla --enable-bootstrap --enable-shared --enable-threads=posix --enable-checking=release --with-system-zlib --enable-__cxa_atexit --disable-libunwind-exceptions --enable-gnu-unique-object --enable-linker-build-id --enable-languages=c,c++,objc,obj-c++,java,fortran,ada,go,lto --enable-plugin --enable-java-awt=gtk --disable-dssi --with-java-home=/usr/lib/jvm/java-1.5.0-gcj-1.5.0.0/jre --enable-libgcj-multifile --enable-java-maintainer-mode --with-ecj-jar=/usr/share/java/eclipse-ecj.jar --disable-libjava-multilib --with-ppl --with-cloog --with-tune=generic --with-arch_32=i686 --build=x86_64-redhat-linux
Thread model: posix
gcc version 4.6.2 20111027 (Red Hat 4.6.2-1) (GCC) 
configure:1606: $? = 0
configure:1608: gcc -V </dev/null >&5
gcc: error: unrecognized option '-V'
gcc: fatal error: no input files
compilation terminated.
configure:1611: $? = 4
configure:1634: checking for C compiler default output file name
configure:1637: gcc -g -O2    conftest.c  >&5
configure:1640: $? = 0
configure:1686: result: a.out
configure:1691: checking whether the C compiler works
configure:1697: ./a.out
configure:1700: $? = 0
configure:1717: result: yes
configure:1724: checking whether we are cross compiling
configure:1726: result: no
configure:1729: checking for suffix of executables
configure:1731: gcc -o conftest -g -O2    conftest.c  >&5
configure:1734: $? = 0
configure:1759: result: 
configure:1765: checking for suffix of object files
configure:1786: gcc -c -g -O2   conftest.c >&5
configure:1789: $? = 0
configure:1811: result: o
configure:1815: checking whether we are using the GNU C compiler
configure:1839: gcc -c -g -O2   conftest.c >&5
configure:1845: $? = 0
configure:1849: test -z 
			 || test ! -s conftest.err
configure:1852: $? = 0
configure:1855: test -s conftest.o
configure:1858: $? = 0
configure:1871: result: yes
configure:1877: checking whether gcc accepts -g
configure:1898: gcc -c -g  conftest.c >&5
configure:1904: $? = 0
configure:1908: test -z 
			 || test ! -s conftest.err
configure:1911: $? = 0
configure:1914: test -s conftest.o
configure:1917: $? = 0
configure:1928: result: yes
configure:1945: checking for gcc option to accept ANSI C
configure:2015: gcc  -c -g -O2   conftest.c >&5
configure:2021: $? = 0
configure:2025: test -z 
			 || test ! -s conftest.err
configure:2028: $? = 0
configure:2031: test -s conftest.o
configure:2034: $? = 0
configure:2052: result: none needed
configure:2070: gcc -c -g -O2   conftest.c >&5
conftest.c:2:3: error: unknown type name 'choke'
conftest.c:2:3: error: expected '=', ',', ';', 'asm' or '__attribute__' at end of input
configure:2076: $? = 1
configure: failed program was:
| #ifndef __cplusplus
|   choke me
| #endif
configure:2247: checking for a BSD-compatible install
configure:2302: result: /usr/bin/install -c
configure:2316: checking for x86_64-ar
configure:2342: result: ar
configure:2395: checking for x86_64-ranlib
configure:2421: result: ranlib
configure:2479: checking build system type
configure:2497: result: x86_64-pc-none
configure:2505: checking host system type
configure:2519: result: x86_64-pc-none
configure:2527: checking target system type
configure:2541: result: arm-unknown-linux-gnu
configure:2576: checking for x86_64-gcc
configure:2602: result: gcc
configure:2884: checking for C compiler version
configure:2887: gcc --version </dev/null >&5
gcc (GCC) 4.6.2 20111027 (Red Hat 4.6.2-1)
Copyright (C) 2011 Free Software Foundation, Inc.
This is free software; see the source for copying conditions.  There is NO
warranty; not even for MERCHANTABILITY or FITNESS FOR A PARTICULAR PURPOSE.

configure:2890: $? = 0
configure:2892: gcc -v </dev/null >&5
Using built-in specs.
COLLECT_GCC=gcc
COLLECT_LTO_WRAPPER=/usr/libexec/gcc/x86_64-redhat-linux/4.6.2/lto-wrapper
Target: x86_64-redhat-linux
Configured with: ../configure --prefix=/usr --mandir=/usr/share/man --infodir=/usr/share/info --with-bugurl=http://bugzilla.redhat.com/bugzilla --enable-bootstrap --enable-shared --enable-threads=posix --enable-checking=release --with-system-zlib --enable-__cxa_atexit --disable-libunwind-exceptions --enable-gnu-unique-object --enable-linker-build-id --enable-languages=c,c++,objc,obj-c++,java,fortran,ada,go,lto --enable-plugin --enable-java-awt=gtk --disable-dssi --with-java-home=/usr/lib/jvm/java-1.5.0-gcj-1.5.0.0/jre --enable-libgcj-multifile --enable-java-maintainer-mode --with-ecj-jar=/usr/share/java/eclipse-ecj.jar --disable-libjava-multilib --with-ppl --with-cloog --with-tune=generic --with-arch_32=i686 --build=x86_64-redhat-linux
Thread model: posix
gcc version 4.6.2 20111027 (Red Hat 4.6.2-1) (GCC) 
configure:2895: $? = 0
configure:2897: gcc -V </dev/null >&5
gcc: error: unrecognized option '-V'
gcc: fatal error: no input files
compilation terminated.
configure:2900: $? = 4
configure:2903: checking whether we are using the GNU C compiler
configure:2959: result: yes
configure:2965: checking whether gcc accepts -g
configure:3016: result: yes
configure:3033: checking for gcc option to accept ANSI C
configure:3140: result: none needed
configure:3158: gcc -c -g -O2   conftest.c >&5
conftest.c:2:3: error: unknown type name 'choke'
conftest.c:2:3: error: expected '=', ',', ';', 'asm' or '__attribute__' at end of input
configure:3164: $? = 1
configure: failed program was:
| #ifndef __cplusplus
|   choke me
| #endif
configure:3304: checking for x86_64-ranlib
configure:3330: result: ranlib
configure:3681: creating ./config.status

## ---------------------- ##
## Running config.status. ##
## ---------------------- ##

This file was extended by config.status, which was
generated by GNU Autoconf 2.59.  Invocation command line was

  CONFIG_FILES    = 
  CONFIG_HEADERS  = 
  CONFIG_LINKS    = 
  CONFIG_COMMANDS = 
  $ ./config.status 

on smalik-laptop

config.status:658: creating Makefile
configure:4535: configuring in arm
configure:4652: running /bin/sh '../.././sim/arm/configure' --prefix=/usr/local  '--cache-file=./config.cache' '--build=x86_64' '--host=x86_64' '--target=arm-linux' '--enable-werror=no' '--program-transform-name=s,^,arm-linux-,; ' '--srcdir=.././sim' 'CC=gcc' 'CFLAGS=-g -O2 ' 'LDFLAGS=' 'build_alias=x86_64' 'host_alias=x86_64' 'target_alias=arm-linux' --cache-file=.././config.cache --srcdir=../.././sim/arm
configure:4535: configuring in testsuite
configure:4652: running /bin/sh '../.././sim/testsuite/configure' --prefix=/usr/local  '--cache-file=./config.cache' '--build=x86_64' '--host=x86_64' '--target=arm-linux' '--enable-werror=no' '--program-transform-name=s,^,arm-linux-,; ' '--srcdir=.././sim' 'CC=gcc' 'CFLAGS=-g -O2 ' 'LDFLAGS=' 'build_alias=x86_64' 'host_alias=x86_64' 'target_alias=arm-linux' --cache-file=.././config.cache --srcdir=../.././sim/testsuite
configure:4535: configuring in common
configure:4652: running /bin/sh '../.././sim/common/configure' --prefix=/usr/local  '--cache-file=./config.cache' '--build=x86_64' '--host=x86_64' '--target=arm-linux' '--enable-werror=no' '--program-transform-name=s,^,arm-linux-,; ' '--srcdir=.././sim' 'CC=gcc' 'CFLAGS=-g -O2 ' 'LDFLAGS=' 'build_alias=x86_64' 'host_alias=x86_64' 'target_alias=arm-linux' --cache-file=.././config.cache --srcdir=../.././sim/common

## ---------------- ##
## Cache variables. ##
## ---------------- ##

ac_cv_build=x86_64-pc-none
ac_cv_build_alias=x86_64
ac_cv_c_compiler_gnu=yes
ac_cv_env_CC_set=set
ac_cv_env_CC_value=gcc
ac_cv_env_CFLAGS_set=set
ac_cv_env_CFLAGS_value='-g -O2 '
ac_cv_env_CPPFLAGS_set=
ac_cv_env_CPPFLAGS_value=
ac_cv_env_LDFLAGS_set=set
ac_cv_env_LDFLAGS_value=
ac_cv_env_build_alias_set=set
ac_cv_env_build_alias_value=x86_64
ac_cv_env_host_alias_set=set
ac_cv_env_host_alias_value=x86_64
ac_cv_env_target_alias_set=set
ac_cv_env_target_alias_value=arm-linux
ac_cv_exeext=
ac_cv_host=x86_64-pc-none
ac_cv_host_alias=x86_64
ac_cv_objext=o
ac_cv_prog_AR=ar
ac_cv_prog_CC=gcc
ac_cv_prog_RANLIB=ranlib
ac_cv_prog_cc_g=yes
ac_cv_prog_cc_stdc=
ac_cv_target=arm-unknown-linux-gnu
ac_cv_target_alias=arm-linux

## ----------------- ##
## Output variables. ##
## ----------------- ##

AR='ar'
CC='gcc'
CC_FOR_BUILD='$(CC)'
CFLAGS='-g -O2 '
CPPFLAGS=''
DEFS='-DPACKAGE_NAME=\"\" -DPACKAGE_TARNAME=\"\" -DPACKAGE_VERSION=\"\" -DPACKAGE_STRING=\"\" -DPACKAGE_BUGREPORT=\"\" '
ECHO_C=''
ECHO_N='-n'
ECHO_T=''
EXEEXT=''
HDEFINES=''
INSTALL_DATA='/usr/bin/install -c -m 644'
INSTALL_PROGRAM='/usr/bin/install -c'
INSTALL_SCRIPT='/usr/bin/install -c'
LDFLAGS=''
LIBOBJS=''
LIBS=''
LTLIBOBJS=''
OBJEXT='o'
PACKAGE_BUGREPORT=''
PACKAGE_NAME=''
PACKAGE_STRING=''
PACKAGE_TARNAME=''
PACKAGE_VERSION=''
PATH_SEPARATOR=':'
RANLIB='ranlib'
SHELL='/bin/sh'
ac_ct_AR=''
ac_ct_CC=''
ac_ct_RANLIB=''
bindir='${exec_prefix}/bin'
build='x86_64-pc-none'
build_alias='x86_64'
build_cpu='x86_64'
build_os='none'
build_vendor='pc'
datadir='${prefix}/share'
exec_prefix='${prefix}'
host='x86_64-pc-none'
host_alias='x86_64'
host_cpu='x86_64'
host_os='none'
host_vendor='pc'
includedir='${prefix}/include'
infodir='${prefix}/info'
libdir='${exec_prefix}/lib'
libexecdir='${exec_prefix}/libexec'
localstatedir='${prefix}/var'
mandir='${prefix}/man'
oldincludedir='/usr/include'
prefix='/usr/local'
program_transform_name='s,^,arm-linux-,;'
sbindir='${exec_prefix}/sbin'
sharedstatedir='${prefix}/com'
subdirs=' arm testsuite common'
sysconfdir='${prefix}/etc'
target='arm-unknown-linux-gnu'
target_alias='arm-linux'
target_cpu='arm'
target_os='linux-gnu'
target_vendor='unknown'

## ----------- ##
## confdefs.h. ##
## ----------- ##

#define PACKAGE_BUGREPORT ""
#define PACKAGE_NAME ""
#define PACKAGE_STRING ""
#define PACKAGE_TARNAME ""
#define PACKAGE_VERSION ""

configure: exit 0
