This file contains any messages produced by compilers while
running configure, to aid debugging if configure makes a mistake.

It was created by configure, which was
generated by GNU Autoconf 2.59.  Invocation command line was

  $ /home/smalik/Downloads/arm/gdb/gdb-6.3.50.20051116/bfd/configure --cache-file=./config.cache --build=x86_64 --host=x86_64 --target=arm-linux --enable-werror=no --program-transform-name=s,^,arm-linux-,;  --srcdir=.././bfd

## --------- ##
## Platform. ##
## --------- ##

hostname = smalik-laptop
uname -m = x86_64
uname -r = 3.1.6-1.fc16.x86_64
uname -s = Linux
uname -v = #1 SMP Wed Dec 21 22:41:17 UTC 2011

/usr/bin/uname -p = unknown
/bin/uname -X     = unknown

/bin/arch              = x86_64
/usr/bin/arch -k       = unknown
/usr/convex/getsysinfo = unknown
hostinfo               = unknown
/bin/machine           = unknown
/usr/bin/oslevel       = unknown
/bin/universe          = unknown

PATH: /home/smalik/Downloads/firefox
PATH: /home/smalik/Downloads/jazz/scmtools/eclipse
PATH: /home/smalik/Downloads/firefox
PATH: /home/smalik/Downloads/jazz/scmtools/eclipse
PATH: /usr/local/bin
PATH: /bin
PATH: /usr/bin
PATH: /usr/local/sbin
PATH: /usr/sbin
PATH: /sbin
PATH: /opt/lodev3.5//program
PATH: /opt/ibm/c4eb/bin
PATH: /home/smalik/bin
PATH: /usr/kerberos/bin
PATH: /home/smalik/arm-gcc/opt/FriendlyARM/toolschain/4.4.3/bin


## ----------- ##
## Core tests. ##
## ----------- ##

configure:1237: loading cache ./config.cache
configure:1358: checking build system type
configure:1376: result: x86_64-pc-none
configure:1384: checking host system type
configure:1398: result: x86_64-pc-none
configure:1406: checking target system type
configure:1420: result: arm-unknown-linux-gnu
configure:1442: checking for x86_64-gcc
configure:1468: result: gcc
configure:1750: checking for C compiler version
configure:1753: gcc --version </dev/null >&5
gcc (GCC) 4.6.2 20111027 (Red Hat 4.6.2-1)
Copyright (C) 2011 Free Software Foundation, Inc.
This is free software; see the source for copying conditions.  There is NO
warranty; not even for MERCHANTABILITY or FITNESS FOR A PARTICULAR PURPOSE.

configure:1756: $? = 0
configure:1758: gcc -v </dev/null >&5
Using built-in specs.
COLLECT_GCC=gcc
COLLECT_LTO_WRAPPER=/usr/libexec/gcc/x86_64-redhat-linux/4.6.2/lto-wrapper
Target: x86_64-redhat-linux
Configured with: ../configure --prefix=/usr --mandir=/usr/share/man --infodir=/usr/share/info --with-bugurl=http://bugzilla.redhat.com/bugzilla --enable-bootstrap --enable-shared --enable-threads=posix --enable-checking=release --with-system-zlib --enable-__cxa_atexit --disable-libunwind-exceptions --enable-gnu-unique-object --enable-linker-build-id --enable-languages=c,c++,objc,obj-c++,java,fortran,ada,go,lto --enable-plugin --enable-java-awt=gtk --disable-dssi --with-java-home=/usr/lib/jvm/java-1.5.0-gcj-1.5.0.0/jre --enable-libgcj-multifile --enable-java-maintainer-mode --with-ecj-jar=/usr/share/java/eclipse-ecj.jar --disable-libjava-multilib --with-ppl --with-cloog --with-tune=generic --with-arch_32=i686 --build=x86_64-redhat-linux
Thread model: posix
gcc version 4.6.2 20111027 (Red Hat 4.6.2-1) (GCC) 
configure:1761: $? = 0
configure:1763: gcc -V </dev/null >&5
gcc: error: unrecognized option '-V'
gcc: fatal error: no input files
compilation terminated.
configure:1766: $? = 4
configure:1789: checking for C compiler default output file name
configure:1792: gcc -g -O2    conftest.c  >&5
configure:1795: $? = 0
configure:1841: result: a.out
configure:1846: checking whether the C compiler works
configure:1852: ./a.out
configure:1855: $? = 0
configure:1872: result: yes
configure:1879: checking whether we are cross compiling
configure:1881: result: no
configure:1884: checking for suffix of executables
configure:1886: gcc -o conftest -g -O2    conftest.c  >&5
configure:1889: $? = 0
configure:1914: result: 
configure:1920: checking for suffix of object files
configure:1966: result: o
configure:1970: checking whether we are using the GNU C compiler
configure:2026: result: yes
configure:2032: checking whether gcc accepts -g
configure:2083: result: yes
configure:2100: checking for gcc option to accept ANSI C
configure:2207: result: none needed
configure:2225: gcc -c -g -O2   conftest.c >&5
conftest.c:2:3: error: unknown type name 'choke'
conftest.c:2:3: error: expected '=', ',', ';', 'asm' or '__attribute__' at end of input
configure:2231: $? = 1
configure: failed program was:
| #ifndef __cplusplus
|   choke me
| #endif
configure:2365: checking for library containing strerror
configure:2484: result: none required
configure:2506: checking for a BSD-compatible install
configure:2561: result: /usr/bin/install -c
configure:2572: checking whether build environment is sane
configure:2615: result: yes
configure:2680: checking for gawk
configure:2706: result: gawk
configure:2716: checking whether make sets $(MAKE)
configure:2736: result: yes
configure:2766: checking for style of include used by make
configure:2794: result: GNU
configure:2970: checking dependency style of gcc
configure:3060: result: none
configure:3082: checking for x86_64-ar
configure:3108: result: ar
configure:3161: checking for x86_64-ranlib
configure:3187: result: ranlib
configure:3317: checking for ld used by GCC
configure:3380: result: ld
configure:3389: checking if the linker (ld) is GNU ld
configure:3401: result: yes
configure:3406: checking for ld option to reload object files
configure:3413: result: -r
configure:3418: checking for BSD-compatible nm
configure:3454: result: nm
configure:3457: checking whether ln -s works
configure:3461: result: yes
configure:3468: checking how to recognise dependant libraries
configure:3636: result: unknown
configure:3788: checking for x86_64-ranlib
configure:3814: result: ranlib
configure:3868: checking for x86_64-strip
configure:3897: result: no
configure:3906: checking for strip
configure:3933: result: strip
configure:4190: loading cache ./config.cache
ce PIC
ltconfig:687:checking that gcc PIC flag  -fPIC -DPIC works.
ltconfig:749: checking if gcc static flag  works
ltconfig:780: finding the maximum length of command line arguments
ltconfig:@lineno@: result: 49153
ltconfig:887: checking if gcc supports -fno-rtti -fno-exceptions
ltconfig:888: gcc -c -g -O2  -fno-rtti -fno-exceptions -c conftest.c  conftest.c 1>&5
ltconfig:1431: checking if global_symbol_pipe works
ltconfig:1432: gcc -c -g -O2   conftest.c 1>&5
ltconfig:1435: eval "nm conftest.o | sed -n -e 's/^.*[ 	]\([ABCDGISTW][ABCDGISTW]*\)[ 	][ 	]*\(\)\([_A-Za-z][_A-Za-z0-9]*\)$/\1 \2\3 \3/p' > conftest.nm"
ltconfig:1487: gcc -o conftest -g -O2  -fno-builtin   conftest.c conftstm.o 1>&5
configure:4350: checking whether to enable maintainer-specific portions of Makefiles
configure:4359: result: no
configure:4389: checking whether to install libbfd
configure:4402: result: no
configure:4446: checking for x86_64-gcc
configure:4472: result: gcc
configure:4754: checking for C compiler version
configure:4757: gcc --version </dev/null >&5
gcc (GCC) 4.6.2 20111027 (Red Hat 4.6.2-1)
Copyright (C) 2011 Free Software Foundation, Inc.
This is free software; see the source for copying conditions.  There is NO
warranty; not even for MERCHANTABILITY or FITNESS FOR A PARTICULAR PURPOSE.

configure:4760: $? = 0
configure:4762: gcc -v </dev/null >&5
Using built-in specs.
COLLECT_GCC=gcc
COLLECT_LTO_WRAPPER=/usr/libexec/gcc/x86_64-redhat-linux/4.6.2/lto-wrapper
Target: x86_64-redhat-linux
Configured with: ../configure --prefix=/usr --mandir=/usr/share/man --infodir=/usr/share/info --with-bugurl=http://bugzilla.redhat.com/bugzilla --enable-bootstrap --enable-shared --enable-threads=posix --enable-checking=release --with-system-zlib --enable-__cxa_atexit --disable-libunwind-exceptions --enable-gnu-unique-object --enable-linker-build-id --enable-languages=c,c++,objc,obj-c++,java,fortran,ada,go,lto --enable-plugin --enable-java-awt=gtk --disable-dssi --with-java-home=/usr/lib/jvm/java-1.5.0-gcj-1.5.0.0/jre --enable-libgcj-multifile --enable-java-maintainer-mode --with-ecj-jar=/usr/share/java/eclipse-ecj.jar --disable-libjava-multilib --with-ppl --with-cloog --with-tune=generic --with-arch_32=i686 --build=x86_64-redhat-linux
Thread model: posix
gcc version 4.6.2 20111027 (Red Hat 4.6.2-1) (GCC) 
configure:4765: $? = 0
configure:4767: gcc -V </dev/null >&5
gcc: error: unrecognized option '-V'
gcc: fatal error: no input files
compilation terminated.
configure:4770: $? = 4
configure:4773: checking whether we are using the GNU C compiler
configure:4829: result: yes
configure:4835: checking whether gcc accepts -g
configure:4886: result: yes
configure:4903: checking for gcc option to accept ANSI C
configure:5010: result: none needed
configure:5028: gcc -c -g -O2   conftest.c >&5
conftest.c:2:3: error: unknown type name 'choke'
conftest.c:2:3: error: expected '=', ',', ';', 'asm' or '__attribute__' at end of input
configure:5034: $? = 1
configure: failed program was:
| #ifndef __cplusplus
|   choke me
| #endif
configure:5178: checking for x86_64-ranlib
configure:5204: result: ranlib
configure:5260: checking how to run the C preprocessor
configure:5378: result: gcc -E
configure:5402: gcc -E  conftest.c
configure:5408: $? = 0
configure:5440: gcc -E  conftest.c
conftest.c:12:28: fatal error: ac_nonexistent.h: No such file or directory
compilation terminated.
configure:5446: $? = 1
configure: failed program was:
| /* confdefs.h.  */
| 
| #define PACKAGE_NAME ""
| #define PACKAGE_TARNAME ""
| #define PACKAGE_VERSION ""
| #define PACKAGE_STRING ""
| #define PACKAGE_BUGREPORT ""
| #define PACKAGE "bfd"
| #define VERSION "2.16.91"
| #define _GNU_SOURCE 1
| /* end confdefs.h.  */
| #include <ac_nonexistent.h>
configure:5490: checking for egrep
configure:5500: result: grep -E
configure:5505: checking for ANSI C header files
configure:5661: result: yes
configure:5671: checking for an ANSI C-conforming const
configure:5768: result: yes
configure:5778: checking for inline
configure:5830: result: inline
configure:5863: checking for sys/types.h
configure:5909: result: yes
configure:5863: checking for sys/stat.h
configure:5909: result: yes
configure:5863: checking for stdlib.h
configure:5909: result: yes
configure:5863: checking for string.h
configure:5909: result: yes
configure:5863: checking for memory.h
configure:5909: result: yes
configure:5863: checking for strings.h
configure:5909: result: yes
configure:5863: checking for inttypes.h
configure:5909: result: yes
configure:5863: checking for stdint.h
configure:5909: result: yes
configure:5863: checking for unistd.h
configure:5909: result: yes
configure:5921: checking for off_t
configure:5975: result: yes
configure:5987: checking for size_t
configure:6041: result: yes
configure:6055: checking for working alloca.h
configure:6107: result: yes
configure:6117: checking for alloca
configure:6189: result: yes
configure:6418: checking for stdlib.h
configure:6423: result: yes
configure:6418: checking for unistd.h
configure:6423: result: yes
configure:6567: checking for getpagesize
configure:6655: result: yes
configure:6665: checking for working mmap
configure:6829: result: yes
configure:6855: checking for argz.h
configure:6860: result: yes
configure:6855: checking for limits.h
configure:6860: result: yes
configure:6855: checking for locale.h
configure:6860: result: yes
configure:6855: checking for nl_types.h
configure:6860: result: yes
configure:6855: checking for malloc.h
configure:6860: result: yes
configure:6855: checking for string.h
configure:6860: result: yes
configure:6855: checking for unistd.h
configure:6860: result: yes
configure:6855: checking for values.h
configure:6860: result: yes
configure:6855: checking for sys/param.h
configure:6860: result: yes
configure:7014: checking for getcwd
configure:7102: result: yes
configure:7014: checking for munmap
configure:7102: result: yes
configure:7014: checking for putenv
configure:7102: result: yes
configure:7014: checking for setenv
configure:7102: result: yes
configure:7014: checking for setlocale
configure:7102: result: yes
configure:7014: checking for strchr
configure:7102: result: yes
configure:7014: checking for strcasecmp
configure:7102: result: yes
configure:7014: checking for __argz_count
configure:7102: result: yes
configure:7014: checking for __argz_stringify
configure:7102: result: yes
configure:7014: checking for __argz_next
configure:7102: result: yes
configure:7226: checking for LC_MESSAGES
configure:7278: result: yes
configure:7288: checking whether NLS is requested
configure:7297: result: yes
configure:7304: checking whether included gettext is requested
configure:7314: result: no
configure:7324: checking for libintl.h
configure:7329: result: yes
configure:7461: checking for gettext in libc
configure:7513: result: yes
configure:7649: checking for msgfmt
configure:7676: result: /usr/bin/msgfmt
configure:7687: checking for dcgettext
configure:7775: result: yes
configure:7787: checking for gmsgfmt
configure:7818: result: /usr/bin/msgfmt
configure:7827: checking for xgettext
configure:7854: result: /usr/bin/xgettext
configure:7878: gcc -o conftest -g -O2    conftest.c  >&5
configure:7884: $? = 0
configure:7888: test -z 
			 || test ! -s conftest.err
configure:7891: $? = 0
configure:7894: test -s conftest
configure:7897: $? = 0
configure:8106: checking for catalogs to be installed
configure:8115: result:  fr tr ja es sv da zh_CN ro rw vi
configure:8335: checking for a BSD-compatible install
configure:8390: result: /usr/bin/install -c
configure:8408: checking for long long
configure:8460: result: yes
configure:8464: checking for long long
configure:8518: result: yes
configure:8521: checking size of long long
configure:8871: result: 8
configure:8880: checking for long
configure:8934: result: yes
configure:8937: checking size of long
configure:9287: result: 8
configure:9364: checking for stddef.h
configure:9369: result: yes
configure:9364: checking for string.h
configure:9369: result: yes
configure:9364: checking for strings.h
configure:9369: result: yes
configure:9364: checking for stdlib.h
configure:9369: result: yes
configure:9364: checking for time.h
configure:9369: result: yes
configure:9364: checking for unistd.h
configure:9369: result: yes
configure:9516: checking for fcntl.h
configure:9521: result: yes
configure:9516: checking for sys/file.h
configure:9521: result: yes
configure:9516: checking for sys/time.h
configure:9521: result: yes
configure:9661: checking whether time.h and sys/time.h may both be included
configure:9716: result: yes
configure:9734: checking for dirent.h that defines DIR
configure:9788: result: yes
configure:9801: checking for library containing opendir
configure:9920: result: none required
configure:10056: checking whether string.h and strings.h may both be included
configure:10108: result: yes
configure:10128: checking for fcntl
configure:10216: result: yes
configure:10128: checking for getpagesize
configure:10216: result: yes
configure:10128: checking for setitimer
configure:10216: result: yes
configure:10128: checking for sysconf
configure:10216: result: yes
configure:10128: checking for fdopen
configure:10216: result: yes
configure:10128: checking for getuid
configure:10216: result: yes
configure:10128: checking for getgid
configure:10216: result: yes
configure:10230: checking for strtoull
configure:10318: result: yes
configure:10329: checking whether basename is declared
configure:10383: result: yes
configure:10401: checking whether ftello is declared
configure:10455: result: yes
configure:10473: checking whether ftello64 is declared
configure:10527: result: yes
configure:10545: checking whether fseeko is declared
configure:10599: result: yes
configure:10617: checking whether fseeko64 is declared
configure:10671: result: yes
configure:10700: checking whether ffs is declared
configure:10754: result: yes
configure:10772: checking whether free is declared
configure:10826: result: yes
configure:10844: checking whether getenv is declared
configure:10898: result: yes
configure:10916: checking whether malloc is declared
configure:10970: result: yes
configure:10988: checking whether realloc is declared
configure:11042: result: yes
configure:11060: checking whether stpcpy is declared
configure:11114: result: yes
configure:11132: checking whether strstr is declared
configure:11186: result: yes
configure:11204: checking whether snprintf is declared
configure:11258: result: yes
configure:11276: checking whether vsnprintf is declared
configure:11330: result: yes
configure:13283: checking for gcc version with buggy 64-bit support
configure:13300: result: no
configure:13339: checking for ftello
configure:13427: result: yes
configure:13339: checking for ftello64
configure:13427: result: yes
configure:13339: checking for fseeko
configure:13427: result: yes
configure:13339: checking for fseeko64
configure:13427: result: yes
configure:13339: checking for fopen64
configure:13427: result: yes
configure:13438: checking for off_t
configure:13492: result: yes
configure:13495: checking size of off_t
configure:13845: result: 8
configure:13853: checking file_ptr type
configure:13862: result: BFD_HOST_64_BIT
configure:13882: checking for stdlib.h
configure:13887: result: yes
configure:13882: checking for unistd.h
configure:13887: result: yes
configure:14031: checking for getpagesize
configure:14119: result: yes
configure:14129: checking for working mmap
configure:14293: result: yes
configure:14309: checking for madvise
configure:14397: result: yes
configure:14309: checking for mprotect
configure:14397: result: yes
configure:14543: creating ./config.status

## ---------------------- ##
## Running config.status. ##
## ---------------------- ##

This file was extended by config.status, which was
generated by GNU Autoconf 2.59.  Invocation command line was

  CONFIG_FILES    = 
  CONFIG_HEADERS  = 
  CONFIG_LINKS    = 
  CONFIG_COMMANDS = 
  $ ./config.status 

on smalik-laptop

config.status:766: creating Makefile
config.status:766: creating doc/Makefile
config.status:766: creating bfd-in3.h
config.status:766: creating po/Makefile.in
config.status:863: creating config.h
config.status:1163: config.h is unchanged
config.status:1343: executing depfiles commands
config.status:1343: executing default commands

## ---------------- ##
## Cache variables. ##
## ---------------- ##

ac_cv_archive_cmds_needs_lc=yes
ac_cv_build=x86_64-pc-none
ac_cv_build_alias=x86_64
ac_cv_c_compiler_gnu=yes
ac_cv_c_const=yes
ac_cv_c_inline=inline
ac_cv_env_CC_set=set
ac_cv_env_CC_value=gcc
ac_cv_env_CFLAGS_set=set
ac_cv_env_CFLAGS_value='-g -O2 '
ac_cv_env_CPPFLAGS_set=
ac_cv_env_CPPFLAGS_value=
ac_cv_env_CPP_set=
ac_cv_env_CPP_value=
ac_cv_env_LDFLAGS_set=set
ac_cv_env_LDFLAGS_value=
ac_cv_env_build_alias_set=set
ac_cv_env_build_alias_value=x86_64
ac_cv_env_host_alias_set=set
ac_cv_env_host_alias_value=x86_64
ac_cv_env_target_alias_set=set
ac_cv_env_target_alias_value=arm-linux
ac_cv_exeext=
ac_cv_func___argz_count=yes
ac_cv_func___argz_next=yes
ac_cv_func___argz_stringify=yes
ac_cv_func_alloca_works=yes
ac_cv_func_dcgettext=yes
ac_cv_func_fcntl=yes
ac_cv_func_fdopen=yes
ac_cv_func_fopen64=yes
ac_cv_func_fseeko=yes
ac_cv_func_fseeko64=yes
ac_cv_func_ftello=yes
ac_cv_func_ftello64=yes
ac_cv_func_getcwd=yes
ac_cv_func_getgid=yes
ac_cv_func_getpagesize=yes
ac_cv_func_getuid=yes
ac_cv_func_madvise=yes
ac_cv_func_mmap_fixed_mapped=yes
ac_cv_func_mprotect=yes
ac_cv_func_munmap=yes
ac_cv_func_putenv=yes
ac_cv_func_setenv=yes
ac_cv_func_setitimer=yes
ac_cv_func_setlocale=yes
ac_cv_func_stpcpy=yes
ac_cv_func_strcasecmp=yes
ac_cv_func_strchr=yes
ac_cv_func_strtoull=yes
ac_cv_func_sysconf=yes
ac_cv_have_decl_basename=yes
ac_cv_have_decl_ffs=yes
ac_cv_have_decl_free=yes
ac_cv_have_decl_fseeko=yes
ac_cv_have_decl_fseeko64=yes
ac_cv_have_decl_ftello=yes
ac_cv_have_decl_ftello64=yes
ac_cv_have_decl_getenv=yes
ac_cv_have_decl_malloc=yes
ac_cv_have_decl_realloc=yes
ac_cv_have_decl_snprintf=yes
ac_cv_have_decl_stpcpy=yes
ac_cv_have_decl_strstr=yes
ac_cv_have_decl_vsnprintf=yes
ac_cv_header_argz_h=yes
ac_cv_header_dirent_dirent_h=yes
ac_cv_header_fcntl_h=yes
ac_cv_header_inttypes_h=yes
ac_cv_header_libintl_h=yes
ac_cv_header_limits_h=yes
ac_cv_header_locale_h=yes
ac_cv_header_malloc_h=yes
ac_cv_header_memory_h=yes
ac_cv_header_nl_types_h=yes
ac_cv_header_stdc=yes
ac_cv_header_stddef_h=yes
ac_cv_header_stdint_h=yes
ac_cv_header_stdlib_h=yes
ac_cv_header_string_h=yes
ac_cv_header_strings_h=yes
ac_cv_header_sys_file_h=yes
ac_cv_header_sys_param_h=yes
ac_cv_header_sys_stat_h=yes
ac_cv_header_sys_time_h=yes
ac_cv_header_sys_types_h=yes
ac_cv_header_time=yes
ac_cv_header_time_h=yes
ac_cv_header_unistd_h=yes
ac_cv_header_values_h=yes
ac_cv_host=x86_64-pc-none
ac_cv_host_alias=x86_64
ac_cv_objext=o
ac_cv_path_GMSGFMT=/usr/bin/msgfmt
ac_cv_path_MSGFMT=/usr/bin/msgfmt
ac_cv_path_XGETTEXT=/usr/bin/xgettext
ac_cv_prog_AR=ar
ac_cv_prog_AWK=gawk
ac_cv_prog_CC=gcc
ac_cv_prog_CPP='gcc -E'
ac_cv_prog_RANLIB=ranlib
ac_cv_prog_ac_ct_STRIP=strip
ac_cv_prog_cc_can_build_shared=yes
ac_cv_prog_cc_g=yes
ac_cv_prog_cc_no_builtin=
ac_cv_prog_cc_pic=' -fPIC -DPIC'
ac_cv_prog_cc_pic_works=yes
ac_cv_prog_cc_shlib=
ac_cv_prog_cc_static=
ac_cv_prog_cc_static_works=no
ac_cv_prog_cc_stdc=
ac_cv_prog_cc_wl=-Wl,
ac_cv_prog_egrep='grep -E'
ac_cv_prog_make_make_set=yes
ac_cv_search_opendir='none required'
ac_cv_search_strerror='none required'
ac_cv_sizeof_long=8
ac_cv_sizeof_long_long=8
ac_cv_sizeof_off_t=8
ac_cv_target=arm-unknown-linux-gnu
ac_cv_target_alias=arm-linux
ac_cv_type_long=yes
ac_cv_type_long_long=yes
ac_cv_type_off_t=yes
ac_cv_type_size_t=yes
ac_cv_working_alloca_h=yes
am_cv_CC_dependencies_compiler_type=none
am_cv_val_LC_MESSAGES=yes
bfd_cv_has_long_long=yes
gcc_cv_header_string=yes
gt_cv_func_gettext_libc=yes
lt_cv_compiler_c_o=yes
lt_cv_deplibs_check_method=unknown
lt_cv_file_magic_cmd='$MAGIC_CMD'
lt_cv_file_magic_test_file=
lt_cv_ld_reload_flag=-r
lt_cv_path_LD=ld
lt_cv_path_NM=nm
lt_cv_prog_gnu_ld=yes
lt_cv_sys_max_cmd_len=49153
nls_cv_force_use_gnu_gettext=no
nls_cv_header_intl=
nls_cv_header_libgt=
nls_cv_use_gnu_gettext=no

## ----------------- ##
## Output variables. ##
## ----------------- ##

ACLOCAL='${SHELL} /home/smalik/Downloads/arm/gdb/gdb-6.3.50.20051116/missing --run aclocal-1.9'
ALLOCA=''
AMDEPBACKSLASH='\'
AMDEP_FALSE='#'
AMDEP_TRUE=''
AMTAR='${SHELL} /home/smalik/Downloads/arm/gdb/gdb-6.3.50.20051116/missing --run tar'
AR='ar'
AUTOCONF='${SHELL} /home/smalik/Downloads/arm/gdb/gdb-6.3.50.20051116/missing --run autoconf'
AUTOHEADER='${SHELL} /home/smalik/Downloads/arm/gdb/gdb-6.3.50.20051116/missing --run autoheader'
AUTOMAKE='${SHELL} /home/smalik/Downloads/arm/gdb/gdb-6.3.50.20051116/missing --run automake-1.9'
AWK='gawk'
BFD_HOST_64BIT_LONG='1'
BFD_HOST_64_BIT='long'
BFD_HOST_64_BIT_DEFINED='1'
BFD_HOST_LONG_LONG='1'
BFD_HOST_U_64_BIT='unsigned long'
CATALOGS=' fr.gmo tr.gmo ja.gmo es.gmo sv.gmo da.gmo zh_CN.gmo ro.gmo rw.gmo vi.gmo'
CATOBJEXT='.gmo'
CC='gcc'
CCDEPMODE='depmode=none'
CC_FOR_BUILD='gcc'
CFLAGS='-g -O2 '
COREFILE=''
COREFLAG=''
CPP='gcc -E'
CPPFLAGS=''
CYGPATH_W='echo'
DATADIRNAME='share'
DEFS='-DHAVE_CONFIG_H'
DEPDIR='.deps'
ECHO_C=''
ECHO_N='-n'
ECHO_T=''
EGREP='grep -E'
EXEEXT=''
EXEEXT_FOR_BUILD='$(EXEEXT)'
GMOFILES=' fr.gmo tr.gmo ja.gmo es.gmo sv.gmo da.gmo zh_CN.gmo ro.gmo rw.gmo vi.gmo'
GMSGFMT='/usr/bin/msgfmt'
GT_NO=''
GT_YES='#YES#'
HDEFINES=''
INCLUDE_LOCALE_H='#include <locale.h>'
INSTALL_DATA='/usr/bin/install -c -m 644'
INSTALL_LIBBFD_FALSE=''
INSTALL_LIBBFD_TRUE='#'
INSTALL_PROGRAM='/usr/bin/install -c'
INSTALL_SCRIPT='/usr/bin/install -c'
INSTALL_STRIP_PROGRAM='${SHELL} $(install_sh) -c -s'
INSTOBJEXT='.mo'
INTLDEPS=''
INTLLIBS=''
INTLOBJS=''
LDFLAGS=''
LIBOBJS=''
LIBS=''
LIBTOOL='$(SHELL) $(top_builddir)/libtool'
LN_S='ln -s'
LTLIBOBJS=''
MAINT='#'
MAINTAINER_MODE_FALSE=''
MAINTAINER_MODE_TRUE='#'
MAKEINFO='/home/smalik/Downloads/arm/gdb/gdb-6.3.50.20051116/missing makeinfo --split-size=5000000'
MKINSTALLDIRS='$(srcdir)/../../mkinstalldirs'
MSGFMT='/usr/bin/msgfmt'
NO_WERROR=''
OBJEXT='o'
PACKAGE='bfd'
PACKAGE_BUGREPORT=''
PACKAGE_NAME=''
PACKAGE_STRING=''
PACKAGE_TARNAME=''
PACKAGE_VERSION=''
PATH_SEPARATOR=':'
POFILES=' fr.po tr.po ja.po es.po sv.po da.po zh_CN.po ro.po rw.po vi.po'
POSUB='po'
RANLIB='ranlib'
SET_MAKE=''
SHELL='/bin/sh'
STRIP='strip'
TDEFINES=' '
USE_INCLUDED_LIBINTL='no'
USE_NLS='yes'
VERSION='2.16.91'
WARN_CFLAGS='-W -Wall -Wstrict-prototypes -Wmissing-prototypes'
WIN32LDFLAGS=''
WIN32LIBADD=''
XGETTEXT='/usr/bin/xgettext'
ac_ct_AR=''
ac_ct_CC=''
ac_ct_RANLIB=''
ac_ct_STRIP='strip'
all_backends='$(BFD64_BACKENDS) $(BFD32_BACKENDS)'
am__fastdepCC_FALSE=''
am__fastdepCC_TRUE='#'
am__include='include'
am__leading_dot='.'
am__quote=''
am__tar='${AMTAR} chof - "$$tardir"'
am__untar='${AMTAR} xf -'
bfd_backends=' elf32-arm.lo elf32.lo elf.lo elflink.lo elf-strtab.lo elf-eh-frame.lo dwarf1.lo elf32-gen.lo'
bfd_default_target_size='32'
bfd_file_ptr='BFD_HOST_64_BIT'
bfd_libs='$(BFD64_LIBS) $(BFD32_LIBS)'
bfd_machines=' cpu-arm.lo'
bfd_ufile_ptr='BFD_HOST_U_64_BIT'
bfdincludedir='$(exec_prefix)/$(host_noncanonical)/$(target_noncanonical)/include'
bfdlibdir='$(exec_prefix)/$(host_noncanonical)/$(target_noncanonical)/lib'
bindir='${exec_prefix}/bin'
build='x86_64-pc-none'
build_alias='x86_64'
build_cpu='x86_64'
build_os='none'
build_vendor='pc'
datadir='${prefix}/share'
exec_prefix='${prefix}'
host='x86_64-pc-none'
host_alias='x86_64'
host_cpu='x86_64'
host_noncanonical='x86_64'
host_os='none'
host_vendor='pc'
includedir='${prefix}/include'
infodir='${prefix}/info'
install_sh='/home/smalik/Downloads/arm/gdb/gdb-6.3.50.20051116/install-sh'
l=''
libdir='${exec_prefix}/lib'
libexecdir='${exec_prefix}/libexec'
localstatedir='${prefix}/var'
mandir='${prefix}/man'
mkdir_p='mkdir -p --'
oldincludedir='/usr/include'
prefix='/usr/local'
program_transform_name='s,^,arm-linux-,;'
sbindir='${exec_prefix}/sbin'
sharedstatedir='${prefix}/com'
sysconfdir='${prefix}/etc'
target='arm-unknown-linux-gnu'
target_alias='arm-linux'
target_cpu='arm'
target_noncanonical='arm-linux'
target_os='linux-gnu'
target_vendor='unknown'
tdefaults=' -DDEFAULT_VECTOR=bfd_elf32_littlearm_vec -DSELECT_VECS='&bfd_elf32_littlearm_vec,&bfd_elf32_bigarm_vec,&bfd_elf32_little_generic_vec,&bfd_elf32_big_generic_vec' -DSELECT_ARCHITECTURES='&bfd_arm_arch' -DHAVE_bfd_elf32_littlearm_vec -DHAVE_bfd_elf32_bigarm_vec -DHAVE_bfd_elf32_little_generic_vec -DHAVE_bfd_elf32_big_generic_vec'
wordsize='64'

## ----------- ##
## confdefs.h. ##
## ----------- ##

#define ENABLE_NLS 1
#define HAVE_ALLOCA 1
#define HAVE_ALLOCA_H 1
#define HAVE_ARGZ_H 1
#define HAVE_DCGETTEXT 1
#define HAVE_DECL_BASENAME 1
#define HAVE_DECL_FFS 1
#define HAVE_DECL_FREE 1
#define HAVE_DECL_FSEEKO 1
#define HAVE_DECL_FSEEKO64 1
#define HAVE_DECL_FTELLO 1
#define HAVE_DECL_FTELLO64 1
#define HAVE_DECL_GETENV 1
#define HAVE_DECL_MALLOC 1
#define HAVE_DECL_REALLOC 1
#define HAVE_DECL_SNPRINTF 1
#define HAVE_DECL_STPCPY 1
#define HAVE_DECL_STRSTR 1
#define HAVE_DECL_VSNPRINTF 1
#define HAVE_DIRENT_H 1
#define HAVE_FCNTL 1
#define HAVE_FCNTL_H 1
#define HAVE_FDOPEN 1
#define HAVE_FOPEN64 1
#define HAVE_FSEEKO 1
#define HAVE_FSEEKO64 1
#define HAVE_FTELLO 1
#define HAVE_FTELLO64 1
#define HAVE_GETCWD 1
#define HAVE_GETGID 1
#define HAVE_GETPAGESIZE 1
#define HAVE_GETPAGESIZE 1
#define HAVE_GETPAGESIZE 1
#define HAVE_GETTEXT 1
#define HAVE_GETUID 1
#define HAVE_INTTYPES_H 1
#define HAVE_LC_MESSAGES 1
#define HAVE_LIMITS_H 1
#define HAVE_LOCALE_H 1
#define HAVE_MADVISE 1
#define HAVE_MALLOC_H 1
#define HAVE_MEMORY_H 1
#define HAVE_MMAP 1
#define HAVE_MMAP 1
#define HAVE_MPROTECT 1
#define HAVE_MUNMAP 1
#define HAVE_NL_TYPES_H 1
#define HAVE_PUTENV 1
#define HAVE_SETENV 1
#define HAVE_SETITIMER 1
#define HAVE_SETLOCALE 1
#define HAVE_STDDEF_H 1
#define HAVE_STDINT_H 1
#define HAVE_STDLIB_H 1
#define HAVE_STDLIB_H 1
#define HAVE_STDLIB_H 1
#define HAVE_STDLIB_H 1
#define HAVE_STPCPY 1
#define HAVE_STRCASECMP 1
#define HAVE_STRCHR 1
#define HAVE_STRINGS_H 1
#define HAVE_STRINGS_H 1
#define HAVE_STRING_H 1
#define HAVE_STRING_H 1
#define HAVE_STRING_H 1
#define HAVE_STRTOULL 1
#define HAVE_SYSCONF 1
#define HAVE_SYS_FILE_H 1
#define HAVE_SYS_PARAM_H 1
#define HAVE_SYS_STAT_H 1
#define HAVE_SYS_TIME_H 1
#define HAVE_SYS_TYPES_H 1
#define HAVE_TIME_H 1
#define HAVE_UNISTD_H 1
#define HAVE_UNISTD_H 1
#define HAVE_UNISTD_H 1
#define HAVE_UNISTD_H 1
#define HAVE_UNISTD_H 1
#define HAVE_VALUES_H 1
#define HAVE___ARGZ_COUNT 1
#define HAVE___ARGZ_NEXT 1
#define HAVE___ARGZ_STRINGIFY 1
#define PACKAGE "bfd"
#define PACKAGE_BUGREPORT ""
#define PACKAGE_NAME ""
#define PACKAGE_STRING ""
#define PACKAGE_TARNAME ""
#define PACKAGE_VERSION ""
#define SIZEOF_LONG 8
#define SIZEOF_LONG_LONG 8
#define SIZEOF_OFF_T 8
#define STDC_HEADERS 1
#define STRING_WITH_STRINGS 1
#define TIME_WITH_SYS_TIME 1
#define VERSION "2.16.91"
#define _GNU_SOURCE 1

configure: exit 0
